# JRE version: OpenJDK Runtime Environment (25.0+36) (build 25+36-3489)
# Java VM: OpenJDK 64-Bit Server VM (25+36-3489, mixed mode, sharing, tiered, compressed oops, compressed class ptrs, g1 gc, windows-amd64)
GC Precious Log:
 CardTable entry size: 512
 Card Set container configuration: InlinePtr #cards 4 size 8 Array Of Cards #cards 16 size 48 Howl #buckets 8 coarsen threshold 3686 Howl Bitmap #cards 512 size 80 coarsen threshold 460 Card regions per heap region 1 cards per card region 4096
 CPUs: 8 total, 8 available
 Memory: 16126M
 Large Page Support: Disabled
 NUMA Support: Disabled
 Compressed Oops: Enabled (Zero based)
 Heap Region Size: 2M
 Heap Min Capacity: 8M
 Heap Initial Capacity: 252M
 Heap Max Capacity: 4032M
 Pre-touch: Disabled
 Parallel Workers: 8
 Concurrent Workers: 2
 Concurrent Refinement Workers: 8
 Periodic GC: Disabled
Heap:
 garbage-first heap   total reserved 4128768K, committed 88064K, used 53408K [0x0000000704000000, 0x0000000800000000)
  region size 2048K, 14 young (28672K), 1 survivors (2048K)
GC Heap Usage History (20 events):
Event: 10018.774 {heap Before GC invocations=12 (full 0):
 garbage-first heap   total reserved 4128768K, committed 86016K, used 71687K [0x0000000704000000, 0x0000000800000000)
  region size 2048K, 21 young (43008K), 2 survivors (4096K)
}
Event: 10018.792 {heap After GC invocations=13 (full 0):
 garbage-first heap   total reserved 4128768K, committed 86016K, used 35181K [0x0000000704000000, 0x0000000800000000)
  region size 2048K, 2 young (4096K), 2 survivors (4096K)
}
Event: 14073.360 {heap Before GC invocations=13 (full 0):
 garbage-first heap   total reserved 4128768K, committed 86016K, used 76141K [0x0000000704000000, 0x0000000800000000)
  region size 2048K, 22 young (45056K), 2 survivors (4096K)
}
Event: 14073.391 {heap After GC invocations=14 (full 0):
 garbage-first heap   total reserved 4128768K, committed 86016K, used 35412K [0x0000000704000000, 0x0000000800000000)
  region size 2048K, 2 young (4096K), 2 survivors (4096K)
}
Event: 17886.862 {heap Before GC invocations=14 (full 0):
 garbage-first heap   total reserved 4128768K, committed 86016K, used 76372K [0x0000000704000000, 0x0000000800000000)
  region size 2048K, 22 young (45056K), 2 survivors (4096K)
}
Event: 17886.900 {heap After GC invocations=15 (full 0):
 garbage-first heap   total reserved 4128768K, committed 86016K, used 35228K [0x0000000704000000, 0x0000000800000000)
  region size 2048K, 2 young (4096K), 2 survivors (4096K)
}
Event: 19840.444 {heap Before GC invocations=15 (full 0):
 garbage-first heap   total reserved 4128768K, committed 86016K, used 76188K [0x0000000704000000, 0x0000000800000000)
  region size 2048K, 23 young (47104K), 2 survivors (4096K)
}
Event: 19840.460 {heap After GC invocations=16 (full 0):
 garbage-first heap   total reserved 4128768K, committed 86016K, used 35530K [0x0000000704000000, 0x0000000800000000)
  region size 2048K, 2 young (4096K), 2 survivors (4096K)
}
Event: 23408.541 {heap Before GC invocations=16 (full 0):
 garbage-first heap   total reserved 4128768K, committed 86016K, used 78538K [0x0000000704000000, 0x0000000800000000)
  region size 2048K, 23 young (47104K), 2 survivors (4096K)
}
Event: 23408.576 {heap After GC invocations=17 (full 0):
 garbage-first heap   total reserved 4128768K, committed 86016K, used 35579K [0x0000000704000000, 0x0000000800000000)
  region size 2048K, 1 young (2048K), 1 survivors (2048K)
}
Event: 24883.320 {heap Before GC invocations=17 (full 0):
 garbage-first heap   total reserved 4128768K, committed 86016K, used 60155K [0x0000000704000000, 0x0000000800000000)
  region size 2048K, 14 young (28672K), 1 survivors (2048K)
}
Event: 24883.341 {heap After GC invocations=18 (full 0):
 garbage-first heap   total reserved 4128768K, committed 86016K, used 35619K [0x0000000704000000, 0x0000000800000000)
  region size 2048K, 1 young (2048K), 1 survivors (2048K)
}
Event: 24889.208 {heap Before GC invocations=19 (full 0):
 garbage-first heap   total reserved 4128768K, committed 86016K, used 76579K [0x0000000704000000, 0x0000000800000000)
  region size 2048K, 22 young (45056K), 1 survivors (2048K)
}
Event: 24889.216 {heap After GC invocations=20 (full 0):
 garbage-first heap   total reserved 4128768K, committed 86016K, used 35469K [0x0000000704000000, 0x0000000800000000)
  region size 2048K, 1 young (2048K), 1 survivors (2048K)
}
Event: 24894.331 {heap Before GC invocations=20 (full 0):
 garbage-first heap   total reserved 4128768K, committed 86016K, used 78477K [0x0000000704000000, 0x0000000800000000)
  region size 2048K, 22 young (45056K), 1 survivors (2048K)
}
Event: 24894.352 {heap After GC invocations=21 (full 0):
 garbage-first heap   total reserved 4128768K, committed 88064K, used 30975K [0x0000000704000000, 0x0000000800000000)
  region size 2048K, 1 young (2048K), 1 survivors (2048K)
}
Event: 24900.164 {heap Before GC invocations=21 (full 0):
 garbage-first heap   total reserved 4128768K, committed 88064K, used 80127K [0x0000000704000000, 0x0000000800000000)
  region size 2048K, 25 young (51200K), 1 survivors (2048K)
}
Event: 24900.170 {heap After GC invocations=22 (full 0):
 garbage-first heap   total reserved 4128768K, committed 88064K, used 30877K [0x0000000704000000, 0x0000000800000000)
  region size 2048K, 1 young (2048K), 1 survivors (2048K)
}
Event: 24906.123 {heap Before GC invocations=22 (full 0):
 garbage-first heap   total reserved 4128768K, committed 88064K, used 80029K [0x0000000704000000, 0x0000000800000000)
  region size 2048K, 25 young (51200K), 1 survivors (2048K)
}
Event: 24906.128 {heap After GC invocations=23 (full 0):
 garbage-first heap   total reserved 4128768K, committed 88064K, used 30880K [0x0000000704000000, 0x0000000800000000)
  region size 2048K, 1 young (2048K), 1 survivors (2048K)
}

